<?xml version="1.0" encoding="UTF-8"?>
<testng-results skipped="0" failed="0" ignored="0" total="5" passed="5">
  <reporter-output>
  </reporter-output>
  <suite name="Suite" duration-ms="5417" started-at="2021-05-30T14:11:47Z" finished-at="2021-05-30T14:11:52Z">
    <groups>
    </groups>
    <test name="ArrivalBoardGet" duration-ms="4620" started-at="2021-05-30T14:11:47Z" finished-at="2021-05-30T14:11:51Z">
      <class name="RestAssuredTest.RestAssuredTest.Test_fahrplan_arrivalBoard_GET">
        <test-method status="PASS" signature="negativeTestCaseOne()[pri:0, instance:RestAssuredTest.RestAssuredTest.Test_fahrplan_arrivalBoard_GET@3bfdc050]" name="negativeTestCaseOne" duration-ms="3878" started-at="2021-05-30T14:11:47Z" finished-at="2021-05-30T14:11:50Z">
          <reporter-output>
          </reporter-output>
        </test-method> <!-- negativeTestCaseOne -->
        <test-method status="PASS" signature="negativeTestCaseTwo()[pri:0, instance:RestAssuredTest.RestAssuredTest.Test_fahrplan_arrivalBoard_GET@3bfdc050]" name="negativeTestCaseTwo" duration-ms="262" started-at="2021-05-30T14:11:50Z" finished-at="2021-05-30T14:11:51Z">
          <reporter-output>
          </reporter-output>
        </test-method> <!-- negativeTestCaseTwo -->
        <test-method status="PASS" signature="positiveTestCaseOne()[pri:0, instance:RestAssuredTest.RestAssuredTest.Test_fahrplan_arrivalBoard_GET@3bfdc050]" name="positiveTestCaseOne" duration-ms="442" started-at="2021-05-30T14:11:51Z" finished-at="2021-05-30T14:11:51Z">
          <reporter-output>
          </reporter-output>
        </test-method> <!-- positiveTestCaseOne -->
      </class> <!-- RestAssuredTest.RestAssuredTest.Test_fahrplan_arrivalBoard_GET -->
    </test> <!-- ArrivalBoardGet -->
    <test name="LocationGet" duration-ms="761" started-at="2021-05-30T14:11:51Z" finished-at="2021-05-30T14:11:52Z">
      <class name="RestAssuredTest.RestAssuredTest.Test_fahrplan_location_GET">
        <test-method status="PASS" signature="negativeTestCaseOne()[pri:0, instance:RestAssuredTest.RestAssuredTest.Test_fahrplan_location_GET@271053e1]" name="negativeTestCaseOne" duration-ms="386" started-at="2021-05-30T14:11:51Z" finished-at="2021-05-30T14:11:52Z">
          <reporter-output>
          </reporter-output>
        </test-method> <!-- negativeTestCaseOne -->
        <test-method status="PASS" signature="positiveTestCaseOne()[pri:0, instance:RestAssuredTest.RestAssuredTest.Test_fahrplan_location_GET@271053e1]" name="positiveTestCaseOne" duration-ms="367" started-at="2021-05-30T14:11:52Z" finished-at="2021-05-30T14:11:52Z">
          <reporter-output>
          </reporter-output>
        </test-method> <!-- positiveTestCaseOne -->
      </class> <!-- RestAssuredTest.RestAssuredTest.Test_fahrplan_location_GET -->
    </test> <!-- LocationGet -->
  </suite> <!-- Suite -->
</testng-results>
