<?xml version="1.0" encoding="UTF-8"?>
<!-- Generated by org.testng.reporters.JUnitXMLReporter -->
<testsuite hostname="DESKTOP-I2K1SI9" ignored="0" name="Default test" tests="3" failures="0" timestamp="30 May 2021 13:56:37 GMT" time="4.654" errors="0">
  <testcase name="negativeTestCaseOne" time="3.785" classname="RestAssuredTest.RestAssuredTest.Test_fahrplan_arrivalBoard_GET"/>
  <testcase name="negativeTestCaseTwo" time="0.347" classname="RestAssuredTest.RestAssuredTest.Test_fahrplan_arrivalBoard_GET"/>
  <testcase name="positiveTestCaseOne" time="0.48" classname="RestAssuredTest.RestAssuredTest.Test_fahrplan_arrivalBoard_GET"/>
</testsuite> <!-- Default test -->
