<?xml version="1.0" encoding="UTF-8"?>
<!-- Generated by org.testng.reporters.JUnitXMLReporter -->
<testsuite hostname="DESKTOP-I2K1SI9" ignored="0" name="ArrivalBoardGet" tests="3" failures="0" timestamp="30 May 2021 14:11:51 GMT" time="4.62" errors="0">
  <testcase name="negativeTestCaseOne" time="3.878" classname="RestAssuredTest.RestAssuredTest.Test_fahrplan_arrivalBoard_GET"/>
  <testcase name="negativeTestCaseTwo" time="0.262" classname="RestAssuredTest.RestAssuredTest.Test_fahrplan_arrivalBoard_GET"/>
  <testcase name="positiveTestCaseOne" time="0.442" classname="RestAssuredTest.RestAssuredTest.Test_fahrplan_arrivalBoard_GET"/>
</testsuite> <!-- ArrivalBoardGet -->
