<?xml version="1.0" encoding="UTF-8"?>
<!-- Generated by org.testng.reporters.JUnitXMLReporter -->
<testsuite hostname="DESKTOP-I2K1SI9" ignored="0" name="LocationGet" tests="2" failures="0" timestamp="30 May 2021 14:11:52 GMT" time="0.761" errors="0">
  <testcase name="negativeTestCaseOne" time="0.386" classname="RestAssuredTest.RestAssuredTest.Test_fahrplan_location_GET"/>
  <testcase name="positiveTestCaseOne" time="0.367" classname="RestAssuredTest.RestAssuredTest.Test_fahrplan_location_GET"/>
</testsuite> <!-- LocationGet -->
